2024-09-30
1.Completed Yesterday pending,code development task .
2.Meeting is conducted,given new task to find feasibility checking of website
 and find xpath for given fields.
    #1.First Name
    #2.Middle Name
    #3.Last Name
    #4.Title
    #5.Email
    #6.Office Name
    #7.Agent Phone Numbers
    #8.Office Phone Numbers   
    #9.Profile URL
    #10.Image URL
    #11.Languages
    #12.Website
    #13.Address
    #14.City
    #15.State
    #16.Zip Code
    #17.Country
    #18.Description
    #19.Social_links
  
Task Status
============
>Feasibility Checking Completed.
>Code development in progress